#
# There is insufficient memory for the Java Runtime Environment to continue.
# Native memory allocation (malloc) failed to allocate 1009776 bytes for Chunk::new
# Possible reasons:
#   The system is out of physical RAM or swap space
#   The process is running with CompressedOops enabled, and the Java Heap may be blocking the growth of the native heap
# Possible solutions:
#   Reduce memory load on the system
#   Increase physical memory or swap space
#   Check if swap backing store is full
#   Decrease Java heap size (-Xmx/-Xms)
#   Decrease number of Java threads
#   Decrease Java thread stack sizes (-Xss)
#   Set larger code cache with -XX:ReservedCodeCacheSize=
#   JVM is running with Zero Based Compressed Oops mode in which the Java heap is
#     placed in the first 32GB address space. The Java Heap base address is the
#     maximum limit for the native heap growth. Please use -XX:HeapBaseMinAddress
#     to set the Java Heap base and to place the Java Heap above 32GB virtual address.
# This output file may be truncated or incomplete.
#
#  Out of Memory Error (arena.cpp:168), pid=13940, tid=28312
#
# JRE version: Java(TM) SE Runtime Environment (21.0.6+8) (build 21.0.6+8-LTS-188)
# Java VM: Java HotSpot(TM) 64-Bit Server VM (21.0.6+8-LTS-188, mixed mode, sharing, tiered, compressed oops, compressed class ptrs, g1 gc, windows-amd64)
# No core dump will be written. Minidumps are not enabled by default on client versions of Windows
#

---------------  S U M M A R Y ------------

Command Line: -ea -Didea.test.cyclic.buffer.size=1048576 -javaagent:C:\Program Files\JetBrains\IntelliJ IDEA Community Edition 2024.1.4\lib\idea_rt.jar=53591:C:\Program Files\JetBrains\IntelliJ IDEA Community Edition 2024.1.4\bin -Dfile.encoding=UTF-8 -Dsun.stdout.encoding=UTF-8 -Dsun.stderr.encoding=UTF-8 com.intellij.rt.testng.RemoteTestNGStarter -usedefaultlisteners false -socket53590 @w@C:\Users\raghu\AppData\Local\Temp\idea_working_dirs_testng.tmp -temp C:\Users\raghu\AppData\Local\Temp\idea_testng.tmp

Host: 11th Gen Intel(R) Core(TM) i7-1165G7 @ 2.80GHz, 8 cores, 11G,  Windows 11 , 64 bit Build 26100 (10.0.26100.8246)
Time: Sat Jun 27 20:35:39 2026 India Standard Time elapsed time: 15.867843 seconds (0d 0h 0m 15s)

---------------  T H R E A D  ---------------

Current thread (0x00000299f50cb2e0):  JavaThread "C2 CompilerThread0" daemon [_thread_in_native, id=28312, stack(0x000000a148800000,0x000000a148900000) (1024K)]


Current CompileTask:
C2:  15867 3949   !   4       jdk.internal.loader.BuiltinClassLoader::loadClassOrNull (143 bytes)

Stack: [0x000000a148800000,0x000000a148900000]
Native frames: (J=compiled Java code, j=interpreted, Vv=VM code, C=native code)
V  [jvm.dll+0x6ca6d9]
V  [jvm.dll+0x854f51]
V  [jvm.dll+0x85747e]
V  [jvm.dll+0x857b53]
V  [jvm.dll+0x27dcc6]
V  [jvm.dll+0xc4c2d]
V  [jvm.dll+0xc5163]
V  [jvm.dll+0x2f0fbd]
V  [jvm.dll+0x5f546a]
V  [jvm.dll+0x24f8a2]
V  [jvm.dll+0x24fc5f]
V  [jvm.dll+0x248764]
V  [jvm.dll+0x245df4]
V  [jvm.dll+0x1c6d2e]
V  [jvm.dll+0x2554f9]
V  [jvm.dll+0x253a8a]
V  [jvm.dll+0x3ee576]
V  [jvm.dll+0x7ff2fb]
V  [jvm.dll+0x6c8dbd]
C  [ucrtbase.dll+0x37b0]
C  [KERNEL32.DLL+0x2e8d7]
C  [ntdll.dll+0x8c3fc]


---------------  P R O C E S S  ---------------

Threads class SMR info:
_java_thread_list=0x00000299fa46e3b0, length=70, elements={
0x00000299d51a0d70, 0x00000299f50ab300, 0x00000299f50b0a90, 0x00000299f50b4d40,
0x00000299f50b6c50, 0x00000299f50ba7f0, 0x00000299f50c2940, 0x00000299f50cb2e0,
0x00000299f50efdd0, 0x00000299f5305410, 0x00000299f54a83e0, 0x00000299f54a8a40,
0x00000299fa3e8cf0, 0x00000299fa3e9380, 0x00000299fa3e7940, 0x00000299fa3e9a10,
0x00000299fa3e72b0, 0x00000299fa3e7fd0, 0x00000299fa3ea0a0, 0x00000299fa3e8660,
0x00000299fa3e6c20, 0x00000299fac2f6c0, 0x00000299fac331d0, 0x00000299fac2fd50,
0x00000299fac31790, 0x00000299fac324b0, 0x00000299fac31100, 0x00000299fac33860,
0x00000299fac31e20, 0x00000299fac30a70, 0x00000299fac32b40, 0x00000299fac303e0,
0x00000299fac36ce0, 0x00000299fac36650, 0x00000299fac34c10, 0x00000299fac33ef0,
0x00000299fac35930, 0x00000299fac352a0, 0x00000299fac34580, 0x00000299faa0b8e0,
0x00000299faa0a530, 0x00000299faa0bf70, 0x00000299faa0c600, 0x00000299faa0cc90,
0x00000299faa0d320, 0x00000299faa0b250, 0x00000299faa0d9b0, 0x00000299fb5d3960,
0x00000299fb5d25b0, 0x00000299fb5d32d0, 0x00000299fb5d2c40, 0x00000299fb5d4d10,
0x00000299fb5d53a0, 0x00000299fb5d3ff0, 0x00000299fb5d4680, 0x00000299fb5d1f20,
0x00000299f558c720, 0x00000299f558e160, 0x00000299f558ee80, 0x00000299f558ba00,
0x00000299f558cdb0, 0x00000299f558c090, 0x00000299f558e7f0, 0x00000299f558f510,
0x00000299f558fba0, 0x00000299f558d440, 0x00000299f55908c0, 0x00000299f558dad0,
0x00000299f5593020, 0x00000299fba69210
}

Java Threads: ( => current thread )
  0x00000299d51a0d70 JavaThread "main"                              [_thread_blocked, id=27436, stack(0x000000a147a00000,0x000000a147b00000) (1024K)]
  0x00000299f50ab300 JavaThread "Reference Handler"          daemon [_thread_blocked, id=26176, stack(0x000000a148200000,0x000000a148300000) (1024K)]
  0x00000299f50b0a90 JavaThread "Finalizer"                  daemon [_thread_blocked, id=23720, stack(0x000000a148300000,0x000000a148400000) (1024K)]
  0x00000299f50b4d40 JavaThread "Signal Dispatcher"          daemon [_thread_blocked, id=26036, stack(0x000000a148400000,0x000000a148500000) (1024K)]
  0x00000299f50b6c50 JavaThread "Attach Listener"            daemon [_thread_blocked, id=24176, stack(0x000000a148500000,0x000000a148600000) (1024K)]
  0x00000299f50ba7f0 JavaThread "Service Thread"             daemon [_thread_blocked, id=23532, stack(0x000000a148600000,0x000000a148700000) (1024K)]
  0x00000299f50c2940 JavaThread "Monitor Deflation Thread"   daemon [_thread_blocked, id=17964, stack(0x000000a148700000,0x000000a148800000) (1024K)]
=>0x00000299f50cb2e0 JavaThread "C2 CompilerThread0"         daemon [_thread_in_native, id=28312, stack(0x000000a148800000,0x000000a148900000) (1024K)]
  0x00000299f50efdd0 JavaThread "C1 CompilerThread0"         daemon [_thread_in_native, id=14984, stack(0x000000a148900000,0x000000a148a00000) (1024K)]
  0x00000299f5305410 JavaThread "Common-Cleaner"             daemon [_thread_blocked, id=7636, stack(0x000000a148a00000,0x000000a148b00000) (1024K)]
  0x00000299f54a83e0 JavaThread "Monitor Ctrl-Break"         daemon [_thread_in_native, id=20876, stack(0x000000a148b00000,0x000000a148c00000) (1024K)]
  0x00000299f54a8a40 JavaThread "Notification Thread"        daemon [_thread_blocked, id=23112, stack(0x000000a148c00000,0x000000a148d00000) (1024K)]
  0x00000299fa3e8cf0 JavaThread "ForkJoinPool.commonPool-worker-1" daemon [_thread_blocked, id=27344, stack(0x000000a149500000,0x000000a149600000) (1024K)]
  0x00000299fa3e9380 JavaThread "ForkJoinPool.commonPool-worker-2" daemon [_thread_blocked, id=10212, stack(0x000000a149600000,0x000000a149700000) (1024K)]
  0x00000299fa3e7940 JavaThread "ForkJoinPool.commonPool-worker-3" daemon [_thread_blocked, id=26800, stack(0x000000a149700000,0x000000a149800000) (1024K)]
  0x00000299fa3e9a10 JavaThread "ForkJoinPool.commonPool-worker-4" daemon [_thread_blocked, id=25472, stack(0x000000a149800000,0x000000a149900000) (1024K)]
  0x00000299fa3e72b0 JavaThread "ForkJoinPool.commonPool-worker-5" daemon [_thread_blocked, id=15740, stack(0x000000a149900000,0x000000a149a00000) (1024K)]
  0x00000299fa3e7fd0 JavaThread "ForkJoinPool.commonPool-worker-6" daemon [_thread_blocked, id=28112, stack(0x000000a149a00000,0x000000a149b00000) (1024K)]
  0x00000299fa3ea0a0 JavaThread "ForkJoinPool.commonPool-worker-7" daemon [_thread_blocked, id=4940, stack(0x000000a149b00000,0x000000a149c00000) (1024K)]
  0x00000299fa3e8660 JavaThread "Forwarding get on session 6a34c34ae7b1f65b247064c9d38679b1 to remote"        [_thread_blocked, id=22664, stack(0x000000a149d00000,0x000000a149e00000) (1024K)]
  0x00000299fa3e6c20 JavaThread "TestNG-tests-2"                    [_thread_in_vm, id=29420, stack(0x000000a149e00000,0x000000a149f00000) (1024K)]
  0x00000299fac2f6c0 JavaThread "Forwarding findElement on session 1b26047b1085871de8303d874527ce35 to remote"        [_thread_blocked, id=21312, stack(0x000000a149f00000,0x000000a14a000000) (1024K)]
  0x00000299fac331d0 JavaThread "Forwarding findElement on session 888119dc2fc8a2eeb3ddde6d1c037b24 to remote"        [_thread_blocked, id=28116, stack(0x000000a14a000000,0x000000a14a100000) (1024K)]
  0x00000299fac2fd50 JavaThread "HttpClient-3-SelectorManager" daemon [_thread_in_native, id=20532, stack(0x000000a14a100000,0x000000a14a200000) (1024K)]
  0x00000299fac31790 JavaThread "HttpClient-1-SelectorManager" daemon [_thread_in_native, id=29668, stack(0x000000a14a200000,0x000000a14a300000) (1024K)]
  0x00000299fac324b0 JavaThread "HttpClient-4-SelectorManager" daemon [_thread_in_native, id=1604, stack(0x000000a14a300000,0x000000a14a400000) (1024K)]
  0x00000299fac31100 JavaThread "HttpClient-2-SelectorManager" daemon [_thread_in_native, id=27740, stack(0x000000a14a400000,0x000000a14a500000) (1024K)]
  0x00000299fac33860 JavaThread "External Process Output Forwarder - C:\Users\raghu\.cache\selenium\chromedriver\win64\147.0.7727.117\chromedriver.exe" daemon [_thread_in_native, id=18956, stack(0x000000a14a500000,0x000000a14a600000) (1024K)]
  0x00000299fac31e20 JavaThread "External Process Output Forwarder - C:\Users\raghu\.cache\selenium\chromedriver\win64\147.0.7727.117\chromedriver.exe" daemon [_thread_in_native, id=29676, stack(0x000000a14a600000,0x000000a14a700000) (1024K)]
  0x00000299fac30a70 JavaThread "Driver Service Executor"    daemon [_thread_blocked, id=24312, stack(0x000000a14a700000,0x000000a14a800000) (1024K)]
  0x00000299fac32b40 JavaThread "Driver Service Executor"    daemon [_thread_blocked, id=29688, stack(0x000000a14a800000,0x000000a14a900000) (1024K)]
  0x00000299fac303e0 JavaThread "Driver Service Executor"    daemon [_thread_in_native, id=2340, stack(0x000000a14a900000,0x000000a14aa00000) (1024K)]
  0x00000299fac36ce0 JavaThread "Driver Service Executor"    daemon [_thread_in_native, id=26972, stack(0x000000a14aa00000,0x000000a14ab00000) (1024K)]
  0x00000299fac36650 JavaThread "External Process Output Forwarder - C:\Users\raghu\.cache\selenium\chromedriver\win64\147.0.7727.117\chromedriver.exe" daemon [_thread_in_native, id=26200, stack(0x000000a14ab00000,0x000000a14ac00000) (1024K)]
  0x00000299fac34c10 JavaThread "Driver Service Executor"    daemon [_thread_blocked, id=27164, stack(0x000000a14ac00000,0x000000a14ad00000) (1024K)]
  0x00000299fac33ef0 JavaThread "Driver Service Executor"    daemon [_thread_in_native, id=28472, stack(0x000000a14ad00000,0x000000a14ae00000) (1024K)]
  0x00000299fac35930 JavaThread "UrlChecker-2"               daemon [_thread_blocked, id=29392, stack(0x000000a14ae00000,0x000000a14af00000) (1024K)]
  0x00000299fac352a0 JavaThread "UrlChecker-3"               daemon [_thread_blocked, id=27632, stack(0x000000a14af00000,0x000000a14b000000) (1024K)]
  0x00000299fac34580 JavaThread "Driver Service Executor"    daemon [_thread_blocked, id=29600, stack(0x000000a14b100000,0x000000a14b200000) (1024K)]
  0x00000299faa0b8e0 JavaThread "Driver Service Executor"    daemon [_thread_blocked, id=28932, stack(0x000000a14b200000,0x000000a14b300000) (1024K)]
  0x00000299faa0a530 JavaThread "UrlChecker-4"               daemon [_thread_blocked, id=15692, stack(0x000000a14b300000,0x000000a14b400000) (1024K)]
  0x00000299faa0bf70 JavaThread "UrlChecker-5"               daemon [_thread_blocked, id=26188, stack(0x000000a14b400000,0x000000a14b500000) (1024K)]
  0x00000299faa0c600 JavaThread "JdkHttpClient-0-0"          daemon [_thread_blocked, id=29860, stack(0x000000a14b700000,0x000000a14b800000) (1024K)]
  0x00000299faa0cc90 JavaThread "JdkHttpClient-2-0"          daemon [_thread_blocked, id=29864, stack(0x000000a14b800000,0x000000a14b900000) (1024K)]
  0x00000299faa0d320 JavaThread "JdkHttpClient-3-0"          daemon [_thread_blocked, id=29868, stack(0x000000a14b900000,0x000000a14ba00000) (1024K)]
  0x00000299faa0b250 JavaThread "JdkHttpClient-1-0"          daemon [_thread_blocked, id=29872, stack(0x000000a14ba00000,0x000000a14bb00000) (1024K)]
  0x00000299faa0d9b0 JavaThread "JdkHttpClient-1-1"          daemon [_thread_blocked, id=29908, stack(0x000000a14bc00000,0x000000a14bd00000) (1024K)]
  0x00000299fb5d3960 JavaThread "JdkHttpClient-0-1"          daemon [_thread_blocked, id=29912, stack(0x000000a14bd00000,0x000000a14be00000) (1024K)]
  0x00000299fb5d25b0 JavaThread "JdkHttpClient-3-1"          daemon [_thread_blocked, id=29916, stack(0x000000a14be00000,0x000000a14bf00000) (1024K)]
  0x00000299fb5d32d0 JavaThread "JdkHttpClient-2-1"          daemon [_thread_blocked, id=29920, stack(0x000000a14bf00000,0x000000a14c000000) (1024K)]
  0x00000299fb5d2c40 JavaThread "JdkHttpClient-2-2"          daemon [_thread_blocked, id=29924, stack(0x000000a14c000000,0x000000a14c100000) (1024K)]
  0x00000299fb5d4d10 JavaThread "JdkHttpClient-3-2"          daemon [_thread_blocked, id=29928, stack(0x000000a14c100000,0x000000a14c200000) (1024K)]
  0x00000299fb5d53a0 JavaThread "JdkHttpClient-1-2"          daemon [_thread_blocked, id=29932, stack(0x000000a14c200000,0x000000a14c300000) (1024K)]
  0x00000299fb5d3ff0 JavaThread "JdkHttpClient-0-2"          daemon [_thread_blocked, id=29936, stack(0x000000a14c300000,0x000000a14c400000) (1024K)]
  0x00000299fb5d4680 JavaThread "HttpClient-5-SelectorManager" daemon [_thread_in_native, id=32352, stack(0x000000a14b500000,0x000000a14b600000) (1024K)]
  0x00000299fb5d1f20 JavaThread "HttpClient-6-SelectorManager" daemon [_thread_in_native, id=32356, stack(0x000000a14b600000,0x000000a14b700000) (1024K)]
  0x00000299f558c720 JavaThread "JdkHttpClient-5-0"          daemon [_thread_blocked, id=32360, stack(0x000000a14c400000,0x000000a14c500000) (1024K)]
  0x00000299f558e160 JavaThread "JdkHttpClient-4-0"          daemon [_thread_blocked, id=32368, stack(0x000000a14c500000,0x000000a14c600000) (1024K)]
  0x00000299f558ee80 JavaThread "JdkHttpClient-4-1"          daemon [_thread_blocked, id=32412, stack(0x000000a14c600000,0x000000a14c700000) (1024K)]
  0x00000299f558ba00 JavaThread "JdkHttpClient-5-1"          daemon [_thread_blocked, id=32432, stack(0x000000a14c700000,0x000000a14c800000) (1024K)]
  0x00000299f558cdb0 JavaThread "JdkHttpClient-5-2"          daemon [_thread_blocked, id=32436, stack(0x000000a14c800000,0x000000a14c900000) (1024K)]
  0x00000299f558c090 JavaThread "HttpClient-7-SelectorManager" daemon [_thread_in_native, id=32464, stack(0x000000a14c900000,0x000000a14ca00000) (1024K)]
  0x00000299f558e7f0 JavaThread "JdkHttpClient-6-0"          daemon [_thread_blocked, id=32468, stack(0x000000a14ca00000,0x000000a14cb00000) (1024K)]
  0x00000299f558f510 JavaThread "JdkHttpClient-6-1"          daemon [_thread_blocked, id=32484, stack(0x000000a14cb00000,0x000000a14cc00000) (1024K)]
  0x00000299f558fba0 JavaThread "JdkHttpClient-6-2"          daemon [_thread_blocked, id=32488, stack(0x000000a14cc00000,0x000000a14cd00000) (1024K)]
  0x00000299f558d440 JavaThread "HttpClient-8-SelectorManager" daemon [_thread_in_native, id=32584, stack(0x000000a14cd00000,0x000000a14ce00000) (1024K)]
  0x00000299f55908c0 JavaThread "JdkHttpClient-7-0"          daemon [_thread_blocked, id=32588, stack(0x000000a14ce00000,0x000000a14cf00000) (1024K)]
  0x00000299f558dad0 JavaThread "JdkHttpClient-7-1"          daemon [_thread_blocked, id=32596, stack(0x000000a14cf00000,0x000000a14d000000) (1024K)]
  0x00000299f5593020 JavaThread "JdkHttpClient-7-2"          daemon [_thread_blocked, id=32616, stack(0x000000a14d100000,0x000000a14d200000) (1024K)]
  0x00000299fba69210 JavaThread "C2 CompilerThread1"         daemon [_thread_blocked, id=16108, stack(0x000000a148d00000,0x000000a148e00000) (1024K)]
Total: 70

Other Threads:
  0x00000299f5092e10 VMThread "VM Thread"                           [id=22464, stack(0x000000a148100000,0x000000a148200000) (1024K)]
  0x00000299f507ec10 WatcherThread "VM Periodic Task Thread"        [id=17004, stack(0x000000a148000000,0x000000a148100000) (1024K)]
  0x00000299d5718af0 WorkerThread "GC Thread#0"                     [id=15712, stack(0x000000a147b00000,0x000000a147c00000) (1024K)]
  0x00000299fa1d0d10 WorkerThread "GC Thread#1"                     [id=7500, stack(0x000000a148e00000,0x000000a148f00000) (1024K)]
  0x00000299fa1d10b0 WorkerThread "GC Thread#2"                     [id=27528, stack(0x000000a148f00000,0x000000a149000000) (1024K)]
  0x00000299fa1d1450 WorkerThread "GC Thread#3"                     [id=22688, stack(0x000000a149000000,0x000000a149100000) (1024K)]
  0x00000299fa23f780 WorkerThread "GC Thread#4"                     [id=1952, stack(0x000000a149100000,0x000000a149200000) (1024K)]
  0x00000299fa23fb20 WorkerThread "GC Thread#5"                     [id=26312, stack(0x000000a149200000,0x000000a149300000) (1024K)]
  0x00000299fa23fec0 WorkerThread "GC Thread#6"                     [id=27412, stack(0x000000a149300000,0x000000a149400000) (1024K)]
  0x00000299fa240260 WorkerThread "GC Thread#7"                     [id=23900, stack(0x000000a149400000,0x000000a149500000) (1024K)]
  0x00000299d5726420 ConcurrentGCThread "G1 Main Marker"            [id=19688, stack(0x000000a147c00000,0x000000a147d00000) (1024K)]
  0x00000299d5727640 WorkerThread "G1 Conc#0"                       [id=21052, stack(0x000000a147d00000,0x000000a147e00000) (1024K)]
  0x00000299fb7c3000 WorkerThread "G1 Conc#1"                       [id=29896, stack(0x000000a14bb00000,0x000000a14bc00000) (1024K)]
  0x00000299d577e440 ConcurrentGCThread "G1 Refine#0"               [id=25204, stack(0x000000a147e00000,0x000000a147f00000) (1024K)]
  0x00000299f4f51160 ConcurrentGCThread "G1 Service"                [id=22068, stack(0x000000a147f00000,0x000000a148000000) (1024K)]
Total: 15

Threads with active compile tasks:
C2 CompilerThread0    15903 3949   !   4       jdk.internal.loader.BuiltinClassLoader::loadClassOrNull (143 bytes)
C1 CompilerThread0    15903 4045   !   3       freemarker.core.FMParserTokenManager::jjMoveNfa_2 (4938 bytes)
Total: 2

VM state: not at safepoint (normal execution)

VM Mutex/Monitor currently owned by a thread: None

Heap address: 0x0000000744400000, size: 3004 MB, Compressed Oops mode: Zero based, Oop shift amount: 3

CDS archive(s) mapped at: [0x0000029980000000-0x0000029980c90000-0x0000029980c90000), size 13172736, SharedBaseAddress: 0x0000029980000000, ArchiveRelocationMode: 1.
Compressed class space mapped at: 0x0000029981000000-0x00000299c1000000, reserved size: 1073741824
Narrow klass base: 0x0000029980000000, Narrow klass shift: 0, Narrow klass range: 0x100000000

GC Precious Log:
 CardTable entry size: 512
 Card Set container configuration: InlinePtr #cards 4 size 8 Array Of Cards #cards 16 size 48 Howl #buckets 8 coarsen threshold 3686 Howl Bitmap #cards 512 size 80 coarsen threshold 460 Card regions per heap region 1 cards per card region 4096
 CPUs: 8 total, 8 available
 Memory: 12010M
 Large Page Support: Disabled
 NUMA Support: Disabled
 Compressed Oops: Enabled (Zero based)
 Heap Region Size: 2M
 Heap Min Capacity: 8M
 Heap Initial Capacity: 188M
 Heap Max Capacity: 3004M
 Pre-touch: Disabled
 Parallel Workers: 8
 Concurrent Workers: 2
 Concurrent Refinement Workers: 8
 Periodic GC: Disabled

Heap:
 garbage-first heap   total 81920K, used 40297K [0x0000000744400000, 0x0000000800000000)
  region size 2048K, 18 young (36864K), 6 survivors (12288K)
 Metaspace       used 25561K, committed 26176K, reserved 1114112K
  class space    used 3226K, committed 3520K, reserved 1048576K

Heap Regions: E=young(eden), S=young(survivor), O=old, HS=humongous(starts), HC=humongous(continues), CS=collection set, F=free, TAMS=top-at-mark-start, PB=parsable bottom
|   0|0x0000000744400000, 0x0000000744600000, 0x0000000744600000|100%| O|  |TAMS 0x0000000744400000| PB 0x0000000744400000| Untracked 
|   1|0x0000000744600000, 0x0000000744800000, 0x0000000744800000|100%| O|  |TAMS 0x0000000744600000| PB 0x0000000744600000| Untracked 
|   2|0x0000000744800000, 0x0000000744a00000, 0x0000000744a00000|100%| O|  |TAMS 0x0000000744800000| PB 0x0000000744800000| Untracked 
|   3|0x0000000744a00000, 0x0000000744b0c690, 0x0000000744c00000| 52%| O|Cm|TAMS 0x0000000744a00000| PB 0x0000000744a00000| Complete 
|   4|0x0000000744c00000, 0x0000000744c00000, 0x0000000744e00000|  0%| F|  |TAMS 0x0000000744c00000| PB 0x0000000744c00000| Untracked 
|   5|0x0000000744e00000, 0x0000000744e00000, 0x0000000745000000|  0%| F|  |TAMS 0x0000000744e00000| PB 0x0000000744e00000| Untracked 
|   6|0x0000000745000000, 0x0000000745000000, 0x0000000745200000|  0%| F|  |TAMS 0x0000000745000000| PB 0x0000000745000000| Untracked 
|   7|0x0000000745200000, 0x0000000745200000, 0x0000000745400000|  0%| F|  |TAMS 0x0000000745200000| PB 0x0000000745200000| Untracked 
|   8|0x0000000745400000, 0x0000000745400000, 0x0000000745600000|  0%| F|  |TAMS 0x0000000745400000| PB 0x0000000745400000| Untracked 
|   9|0x0000000745600000, 0x0000000745600000, 0x0000000745800000|  0%| F|  |TAMS 0x0000000745600000| PB 0x0000000745600000| Untracked 
|  10|0x0000000745800000, 0x0000000745800000, 0x0000000745a00000|  0%| F|  |TAMS 0x0000000745800000| PB 0x0000000745800000| Untracked 
|  11|0x0000000745a00000, 0x0000000745a00000, 0x0000000745c00000|  0%| F|  |TAMS 0x0000000745a00000| PB 0x0000000745a00000| Untracked 
|  12|0x0000000745c00000, 0x0000000745c00000, 0x0000000745e00000|  0%| F|  |TAMS 0x0000000745c00000| PB 0x0000000745c00000| Untracked 
|  13|0x0000000745e00000, 0x0000000745e00000, 0x0000000746000000|  0%| F|  |TAMS 0x0000000745e00000| PB 0x0000000745e00000| Untracked 
|  14|0x0000000746000000, 0x0000000746000000, 0x0000000746200000|  0%| F|  |TAMS 0x0000000746000000| PB 0x0000000746000000| Untracked 
|  15|0x0000000746200000, 0x0000000746200000, 0x0000000746400000|  0%| F|  |TAMS 0x0000000746200000| PB 0x0000000746200000| Untracked 
|  16|0x0000000746400000, 0x0000000746400000, 0x0000000746600000|  0%| F|  |TAMS 0x0000000746400000| PB 0x0000000746400000| Untracked 
|  17|0x0000000746600000, 0x0000000746600000, 0x0000000746800000|  0%| F|  |TAMS 0x0000000746600000| PB 0x0000000746600000| Untracked 
|  18|0x0000000746800000, 0x0000000746800000, 0x0000000746a00000|  0%| F|  |TAMS 0x0000000746800000| PB 0x0000000746800000| Untracked 
|  19|0x0000000746a00000, 0x0000000746a00000, 0x0000000746c00000|  0%| F|  |TAMS 0x0000000746a00000| PB 0x0000000746a00000| Untracked 
|  20|0x0000000746c00000, 0x0000000746c00000, 0x0000000746e00000|  0%| F|  |TAMS 0x0000000746c00000| PB 0x0000000746c00000| Untracked 
|  21|0x0000000746e00000, 0x0000000746e00000, 0x0000000747000000|  0%| F|  |TAMS 0x0000000746e00000| PB 0x0000000746e00000| Untracked 
|  22|0x0000000747000000, 0x0000000747145148, 0x0000000747200000| 63%| E|  |TAMS 0x0000000747000000| PB 0x0000000747000000| Complete 
|  23|0x0000000747200000, 0x0000000747400000, 0x0000000747400000|100%| E|CS|TAMS 0x0000000747200000| PB 0x0000000747200000| Complete 
|  24|0x0000000747400000, 0x0000000747600000, 0x0000000747600000|100%| E|CS|TAMS 0x0000000747400000| PB 0x0000000747400000| Complete 
|  25|0x0000000747600000, 0x0000000747800000, 0x0000000747800000|100%| E|CS|TAMS 0x0000000747600000| PB 0x0000000747600000| Complete 
|  26|0x0000000747800000, 0x0000000747a00000, 0x0000000747a00000|100%| E|CS|TAMS 0x0000000747800000| PB 0x0000000747800000| Complete 
|  27|0x0000000747a00000, 0x0000000747c00000, 0x0000000747c00000|100%| E|CS|TAMS 0x0000000747a00000| PB 0x0000000747a00000| Complete 
|  28|0x0000000747c00000, 0x0000000747e00000, 0x0000000747e00000|100%| E|CS|TAMS 0x0000000747c00000| PB 0x0000000747c00000| Complete 
|  29|0x0000000747e00000, 0x0000000748000000, 0x0000000748000000|100%| E|CS|TAMS 0x0000000747e00000| PB 0x0000000747e00000| Complete 
|  30|0x0000000748000000, 0x0000000748200000, 0x0000000748200000|100%| E|CS|TAMS 0x0000000748000000| PB 0x0000000748000000| Complete 
|  31|0x0000000748200000, 0x0000000748400000, 0x0000000748400000|100%| E|CS|TAMS 0x0000000748200000| PB 0x0000000748200000| Complete 
|  41|0x0000000749600000, 0x000000074964de00, 0x0000000749800000| 15%| S|CS|TAMS 0x0000000749600000| PB 0x0000000749600000| Complete 
|  42|0x0000000749800000, 0x0000000749a00000, 0x0000000749a00000|100%| S|CS|TAMS 0x0000000749800000| PB 0x0000000749800000| Complete 
|  43|0x0000000749a00000, 0x0000000749c00000, 0x0000000749c00000|100%| S|CS|TAMS 0x0000000749a00000| PB 0x0000000749a00000| Complete 
|  44|0x0000000749c00000, 0x0000000749e00000, 0x0000000749e00000|100%| S|CS|TAMS 0x0000000749c00000| PB 0x0000000749c00000| Complete 
|  45|0x0000000749e00000, 0x000000074a000000, 0x000000074a000000|100%| S|CS|TAMS 0x0000000749e00000| PB 0x0000000749e00000| Complete 
|  46|0x000000074a000000, 0x000000074a200000, 0x000000074a200000|100%| S|CS|TAMS 0x000000074a000000| PB 0x000000074a000000| Complete 
|  92|0x000000074fc00000, 0x000000074fe00000, 0x000000074fe00000|100%| E|CS|TAMS 0x000000074fc00000| PB 0x000000074fc00000| Complete 
|  93|0x000000074fe00000, 0x0000000750000000, 0x0000000750000000|100%| E|CS|TAMS 0x000000074fe00000| PB 0x000000074fe00000| Complete 

Card table byte_map: [0x00000299ef160000,0x00000299ef740000] _byte_map_base: 0x00000299eb73e000

Marking Bits: (CMBitMap*) 0x00000299d5719100
 Bits: [0x00000299ef740000, 0x00000299f2630000)

Polling page: 0x00000299d5400000

Metaspace:

Usage:
  Non-class:     21.82 MB used.
      Class:      3.15 MB used.
       Both:     24.97 MB used.

Virtual space:
  Non-class space:       64.00 MB reserved,      22.12 MB ( 35%) committed,  1 nodes.
      Class space:        1.00 GB reserved,       3.44 MB ( <1%) committed,  1 nodes.
             Both:        1.06 GB reserved,      25.56 MB (  2%) committed. 

Chunk freelists:
   Non-Class:  9.88 MB
       Class:  12.54 MB
        Both:  22.41 MB

MaxMetaspaceSize: unlimited
CompressedClassSpaceSize: 1.00 GB
Initial GC threshold: 21.00 MB
Current GC threshold: 35.44 MB
CDS: on
 - commit_granule_bytes: 65536.
 - commit_granule_words: 8192.
 - virtual_space_node_default_size: 8388608.
 - enlarge_chunks_in_place: 1.
 - use_allocation_guard: 0.


Internal statistics:

num_allocs_failed_limit: 3.
num_arena_births: 782.
num_arena_deaths: 2.
num_vsnodes_births: 2.
num_vsnodes_deaths: 0.
num_space_committed: 408.
num_space_uncommitted: 0.
num_chunks_returned_to_freelist: 6.
num_chunks_taken_from_freelist: 1612.
num_chunk_merges: 3.
num_chunk_splits: 970.
num_chunks_enlarged: 480.
num_inconsistent_stats: 0.

CodeHeap 'non-profiled nmethods': size=120000Kb used=2143Kb max_used=2143Kb free=117856Kb
 bounds [0x00000299e6bf0000, 0x00000299e6e60000, 0x00000299ee120000]
CodeHeap 'profiled nmethods': size=120000Kb used=7805Kb max_used=7805Kb free=112194Kb
 bounds [0x00000299df120000, 0x00000299df8c0000, 0x00000299e6650000]
CodeHeap 'non-nmethods': size=5760Kb used=1748Kb max_used=1761Kb free=4011Kb
 bounds [0x00000299e6650000, 0x00000299e68c0000, 0x00000299e6bf0000]
 total_blobs=4658 nmethods=4034 adapters=528
 compilation: enabled
              stopped_count=0, restarted_count=0
 full_count=0

Compilation events (20 events):
Event: 15.859 Thread 0x00000299fba69210 nmethod 4012 0x00000299e6e04b90 code [0x00000299e6e04d80, 0x00000299e6e051c8]
Event: 15.859 Thread 0x00000299f50efdd0 nmethod 4019 0x00000299df8b1d90 code [0x00000299df8b1fc0, 0x00000299df8b28b0]
Event: 15.859 Thread 0x00000299fba69210 4013       4       jdk.internal.icu.impl.NormalizerImpl::getDecomposition (143 bytes)
Event: 15.859 Thread 0x00000299f50efdd0 4020       3       sun.text.UCompactIntArray::setElementAt (60 bytes)
Event: 15.860 Thread 0x00000299f50efdd0 nmethod 4020 0x00000299df8b2c90 code [0x00000299df8b2e60, 0x00000299df8b3190]
Event: 15.860 Thread 0x00000299f50efdd0 4021       3       java.text.RBTableBuilder::addOrder (79 bytes)
Event: 15.861 Thread 0x00000299f50efdd0 nmethod 4021 0x00000299df8b3410 code [0x00000299df8b3620, 0x00000299df8b3b80]
Event: 15.861 Thread 0x00000299f50efdd0 4024       3       java.text.RBTableBuilder::getContractValuesImpl (18 bytes)
Event: 15.861 Thread 0x00000299f50efdd0 nmethod 4024 0x00000299df8b3e10 code [0x00000299df8b3fe0, 0x00000299df8b4308]
Event: 15.861 Thread 0x00000299f50efdd0 4023       3       java.lang.StringUTF16::codePointAt (86 bytes)
Event: 15.861 Thread 0x00000299f50efdd0 nmethod 4023 0x00000299df8b4410 code [0x00000299df8b4620, 0x00000299df8b4d70]
Event: 15.862 Thread 0x00000299f50efdd0 4025       3       sun.text.ComposedCharIter::next (30 bytes)
Event: 15.862 Thread 0x00000299f50efdd0 nmethod 4025 0x00000299df8b5010 code [0x00000299df8b51c0, 0x00000299df8b5380]
Event: 15.862 Thread 0x00000299f50efdd0 4026       3       sun.text.ComposedCharIter::decomposition (9 bytes)
Event: 15.862 Thread 0x00000299f50efdd0 nmethod 4026 0x00000299df8b5490 code [0x00000299df8b5640, 0x00000299df8b5788]
Event: 15.862 Thread 0x00000299f50efdd0 4022  s    1       java.util.Vector::size (5 bytes)
Event: 15.862 Thread 0x00000299f50efdd0 nmethod 4022 0x00000299e6e05690 code [0x00000299e6e05820, 0x00000299e6e059a8]
Event: 15.862 Thread 0x00000299f50efdd0 4029       3       java.text.RBTableBuilder::getContractOrder (62 bytes)
Event: 15.862 Thread 0x00000299f50efdd0 nmethod 4029 0x00000299df8b5890 code [0x00000299df8b5ac0, 0x00000299df8b6210]
Event: 15.862 Thread 0x00000299f50efdd0 4032       3       java.text.RBTableBuilder::addExpansion (237 bytes)

GC Heap History (6 events):
Event: 1.357 GC heap before
{Heap before GC invocations=0 (full 0):
 garbage-first heap   total 192512K, used 22528K [0x0000000744400000, 0x0000000800000000)
  region size 2048K, 11 young (22528K), 0 survivors (0K)
 Metaspace       used 6365K, committed 6592K, reserved 1114112K
  class space    used 668K, committed 768K, reserved 1048576K
}
Event: 1.367 GC heap after
{Heap after GC invocations=1 (full 0):
 garbage-first heap   total 192512K, used 7076K [0x0000000744400000, 0x0000000800000000)
  region size 2048K, 2 young (4096K), 2 survivors (4096K)
 Metaspace       used 6365K, committed 6592K, reserved 1114112K
  class space    used 668K, committed 768K, reserved 1048576K
}
Event: 1.664 GC heap before
{Heap before GC invocations=1 (full 0):
 garbage-first heap   total 192512K, used 31652K [0x0000000744400000, 0x0000000800000000)
  region size 2048K, 14 young (28672K), 2 survivors (4096K)
 Metaspace       used 7067K, committed 7360K, reserved 1114112K
  class space    used 759K, committed 896K, reserved 1048576K
}
Event: 1.669 GC heap after
{Heap after GC invocations=2 (full 0):
 garbage-first heap   total 192512K, used 7948K [0x0000000744400000, 0x0000000800000000)
  region size 2048K, 1 young (2048K), 1 survivors (2048K)
 Metaspace       used 7067K, committed 7360K, reserved 1114112K
  class space    used 759K, committed 896K, reserved 1048576K
}
Event: 4.387 GC heap before
{Heap before GC invocations=2 (full 0):
 garbage-first heap   total 192512K, used 98060K [0x0000000744400000, 0x0000000800000000)
  region size 2048K, 47 young (96256K), 1 survivors (2048K)
 Metaspace       used 20955K, committed 21504K, reserved 1114112K
  class space    used 2551K, committed 2816K, reserved 1048576K
}
Event: 4.401 GC heap after
{Heap after GC invocations=3 (full 0):
 garbage-first heap   total 192512K, used 17769K [0x0000000744400000, 0x0000000800000000)
  region size 2048K, 6 young (12288K), 6 survivors (12288K)
 Metaspace       used 20955K, committed 21504K, reserved 1114112K
  class space    used 2551K, committed 2816K, reserved 1048576K
}

Dll operation events (14 events):
Event: 0.026 Loaded shared library D:\Java SRE 21\bin\java.dll
Event: 0.078 Loaded shared library D:\Java SRE 21\bin\jsvml.dll
Event: 0.234 Loaded shared library D:\Java SRE 21\bin\zip.dll
Event: 0.243 Loaded shared library D:\Java SRE 21\bin\instrument.dll
Event: 0.252 Loaded shared library D:\Java SRE 21\bin\net.dll
Event: 0.255 Loaded shared library D:\Java SRE 21\bin\nio.dll
Event: 0.263 Loaded shared library D:\Java SRE 21\bin\zip.dll
Event: 0.284 Loaded shared library C:\Program Files\JetBrains\IntelliJ IDEA Community Edition 2024.1.4\bin\breakgen64.dll
Event: 0.307 Loaded shared library D:\Java SRE 21\bin\extnet.dll
Event: 0.533 Loaded shared library D:\Java SRE 21\bin\jimage.dll
Event: 2.458 Loaded shared library D:\Java SRE 21\bin\sunmscapi.dll
Event: 2.824 Loaded shared library D:\Java SRE 21\bin\verify.dll
Event: 15.421 Loaded shared library D:\Java SRE 21\bin\management.dll
Event: 15.426 Loaded shared library D:\Java SRE 21\bin\management_ext.dll

Deoptimization events (20 events):
Event: 15.832 Thread 0x00000299fa3e6c20 Uncommon trap: trap_request=0xffffff45 fr.pc=0x00000299e6d18c2c relative=0x000000000000008c
Event: 15.832 Thread 0x00000299fa3e6c20 Uncommon trap: reason=unstable_if action=reinterpret pc=0x00000299e6d18c2c method=jdk.internal.misc.Unsafe.convEndian(ZI)I @ 4 c2
Event: 15.832 Thread 0x00000299fa3e6c20 DEOPT PACKING pc=0x00000299e6d18c2c sp=0x000000a149efd060
Event: 15.832 Thread 0x00000299fa3e6c20 DEOPT UNPACKING pc=0x00000299e66a7da2 sp=0x000000a149efcf90 mode 2
Event: 15.839 Thread 0x00000299fa3e6c20 Uncommon trap: trap_request=0xffffff45 fr.pc=0x00000299e6d414e8 relative=0x00000000000000c8
Event: 15.839 Thread 0x00000299fa3e6c20 Uncommon trap: reason=unstable_if action=reinterpret pc=0x00000299e6d414e8 method=java.lang.String.codePointAt(I)I @ 4 c2
Event: 15.839 Thread 0x00000299fa3e6c20 DEOPT PACKING pc=0x00000299e6d414e8 sp=0x000000a149efe050
Event: 15.839 Thread 0x00000299fa3e6c20 DEOPT UNPACKING pc=0x00000299e66a7da2 sp=0x000000a149efdfe8 mode 2
Event: 15.840 Thread 0x00000299fa3e6c20 Uncommon trap: trap_request=0xffffff45 fr.pc=0x00000299e6c7b0f8 relative=0x00000000000001d8
Event: 15.840 Thread 0x00000299fa3e6c20 Uncommon trap: reason=unstable_if action=reinterpret pc=0x00000299e6c7b0f8 method=java.lang.StringLatin1.canEncode(I)Z @ 4 c2
Event: 15.840 Thread 0x00000299fa3e6c20 DEOPT PACKING pc=0x00000299e6c7b0f8 sp=0x000000a149efde90
Event: 15.840 Thread 0x00000299fa3e6c20 DEOPT UNPACKING pc=0x00000299e66a7da2 sp=0x000000a149efddf0 mode 2
Event: 15.840 Thread 0x00000299fa3e6c20 Uncommon trap: trap_request=0xffffff45 fr.pc=0x00000299e6c0c3e8 relative=0x0000000000000048
Event: 15.840 Thread 0x00000299fa3e6c20 Uncommon trap: reason=unstable_if action=reinterpret pc=0x00000299e6c0c3e8 method=java.lang.StringLatin1.canEncode(I)Z @ 4 c2
Event: 15.840 Thread 0x00000299fa3e6c20 DEOPT PACKING pc=0x00000299e6c0c3e8 sp=0x000000a149efde60
Event: 15.840 Thread 0x00000299fa3e6c20 DEOPT UNPACKING pc=0x00000299e66a7da2 sp=0x000000a149efddf0 mode 2
Event: 15.841 Thread 0x00000299fa3e6c20 Uncommon trap: trap_request=0xffffff45 fr.pc=0x00000299e6c53868 relative=0x0000000000000688
Event: 15.841 Thread 0x00000299fa3e6c20 Uncommon trap: reason=unstable_if action=reinterpret pc=0x00000299e6c53868 method=java.lang.String.substring(II)Ljava/lang/String; @ 31 c2
Event: 15.841 Thread 0x00000299fa3e6c20 DEOPT PACKING pc=0x00000299e6c53868 sp=0x000000a149efdf20
Event: 15.841 Thread 0x00000299fa3e6c20 DEOPT UNPACKING pc=0x00000299e66a7da2 sp=0x000000a149efdef0 mode 2

Classes loaded (20 events):
Event: 15.838 Loading class jdk/internal/icu/impl/Norm2AllModes$Normalizer2WithImpl done
Event: 15.838 Loading class jdk/internal/icu/impl/Norm2AllModes$ComposeNormalizer2 done
Event: 15.839 Loading class jdk/internal/icu/impl/Norm2AllModes$DecomposeNormalizer2
Event: 15.839 Loading class jdk/internal/icu/impl/Norm2AllModes$DecomposeNormalizer2 done
Event: 15.839 Loading class jdk/internal/icu/impl/NormalizerImpl$UTF16Plus
Event: 15.839 Loading class jdk/internal/icu/impl/NormalizerImpl$UTF16Plus done
Event: 15.839 Loading class jdk/internal/icu/text/UTF16
Event: 15.839 Loading class jdk/internal/icu/text/UTF16 done
Event: 15.840 Loading class jdk/internal/icu/lang/UCharacter
Event: 15.840 Loading class jdk/internal/icu/lang/UCharacter done
Event: 15.841 Loading class java/text/MergeCollation
Event: 15.842 Loading class java/text/MergeCollation done
Event: 15.842 Loading class java/text/PatternEntry$Parser
Event: 15.842 Loading class java/text/PatternEntry$Parser done
Event: 15.842 Loading class java/text/PatternEntry
Event: 15.843 Loading class java/text/PatternEntry done
Event: 15.848 Loading class java/text/EntryPair
Event: 15.848 Loading class java/text/EntryPair done
Event: 15.849 Loading class sun/text/ComposedCharIter
Event: 15.849 Loading class sun/text/ComposedCharIter done

Classes unloaded (1 events):
Event: 4.435 Thread 0x00000299f5092e10 Unloading class 0x0000029981004000 'java/lang/invoke/LambdaForm$DMH+0x0000029981004000'

Classes redefined (0 events):
No events

Internal exceptions (20 events):
Event: 15.782 Thread 0x00000299fa3e6c20 Exception <a 'java/lang/ClassNotFoundException'{0x000000074731c0e0}: com/aventstack/extentreports/reporter/AbstractReporterCustomizer> (0x000000074731c0e0) 
thrown [s\open\src\hotspot\share\classfile\systemDictionary.cpp, line 312]
Event: 15.782 Thread 0x00000299fa3e6c20 Exception <a 'java/lang/ClassNotFoundException'{0x0000000747321920}: com/aventstack/extentreports/reporter/AbstractFilterableReporterCustomizer> (0x0000000747321920) 
thrown [s\open\src\hotspot\share\classfile\systemDictionary.cpp, line 312]
Event: 15.783 Thread 0x00000299fa3e6c20 Exception <a 'java/lang/ClassNotFoundException'{0x0000000747328be0}: com/aventstack/extentreports/reporter/AbstractFileReporterCustomizer> (0x0000000747328be0) 
thrown [s\open\src\hotspot\share\classfile\systemDictionary.cpp, line 312]
Event: 15.784 Thread 0x00000299fa3e6c20 Exception <a 'java/lang/ClassNotFoundException'{0x00000007473314f0}: com/aventstack/extentreports/reporter/ExtentSparkReporterCustomizer> (0x00000007473314f0) 
thrown [s\open\src\hotspot\share\classfile\systemDictionary.cpp, line 312]
Event: 15.790 Thread 0x00000299fa3e6c20 Exception <a 'java/lang/ClassNotFoundException'{0x0000000747359990}: com/aventstack/extentreports/reporter/configuration/ExtentSparkReporterConfigBeanInfo> (0x0000000747359990) 
thrown [s\open\src\hotspot\share\classfile\systemDictionary.cpp, line 312]
Event: 15.791 Thread 0x00000299fa3e6c20 Exception <a 'java/lang/ClassNotFoundException'{0x000000074735e1e0}: com/aventstack/extentreports/reporter/configuration/InteractiveReporterConfigBeanInfo> (0x000000074735e1e0) 
thrown [s\open\src\hotspot\share\classfile\systemDictionary.cpp, line 312]
Event: 15.791 Thread 0x00000299fa3e6c20 Exception <a 'java/lang/ClassNotFoundException'{0x0000000747362768}: com/aventstack/extentreports/reporter/configuration/FileReporterConfigBeanInfo> (0x0000000747362768) 
thrown [s\open\src\hotspot\share\classfile\systemDictionary.cpp, line 312]
Event: 15.792 Thread 0x00000299fa3e6c20 Exception <a 'java/lang/ClassNotFoundException'{0x0000000747366e88}: com/aventstack/extentreports/reporter/configuration/AbstractConfigurationBeanInfo> (0x0000000747366e88) 
thrown [s\open\src\hotspot\share\classfile\systemDictionary.cpp, line 312]
Event: 15.792 Thread 0x00000299fa3e6c20 Exception <a 'java/lang/ClassNotFoundException'{0x000000074736b5d8}: com/aventstack/extentreports/reporter/configuration/AbstractConfigurationCustomizer> (0x000000074736b5d8) 
thrown [s\open\src\hotspot\share\classfile\systemDictionary.cpp, line 312]
Event: 15.794 Thread 0x00000299fa3e6c20 Exception <a 'java/lang/ClassNotFoundException'{0x00000007473764a8}: com/aventstack/extentreports/reporter/configuration/FileReporterConfigCustomizer> (0x00000007473764a8) 
thrown [s\open\src\hotspot\share\classfile\systemDictionary.cpp, line 312]
Event: 15.796 Thread 0x00000299fa3e6c20 Exception <a 'java/lang/ClassNotFoundException'{0x000000074737f610}: com/aventstack/extentreports/reporter/configuration/InteractiveReporterConfigCustomizer> (0x000000074737f610) 
thrown [s\open\src\hotspot\share\classfile\systemDictionary.cpp, line 312]
Event: 15.797 Thread 0x00000299fa3e6c20 Exception <a 'java/lang/ClassNotFoundException'{0x000000074738e618}: com/aventstack/extentreports/reporter/configuration/ExtentSparkReporterConfigCustomizer> (0x000000074738e618) 
thrown [s\open\src\hotspot\share\classfile\systemDictionary.cpp, line 312]
Event: 15.800 Thread 0x00000299fa3e6c20 Exception <a 'java/lang/ClassNotFoundException'{0x00000007473a22d0}: com/aventstack/extentreports/reporter/configuration/ThemeBeanInfo> (0x00000007473a22d0) 
thrown [s\open\src\hotspot\share\classfile\systemDictionary.cpp, line 312]
Event: 15.800 Thread 0x00000299fa3e6c20 Exception <a 'java/lang/ClassNotFoundException'{0x00000007473a65d0}: com/aventstack/extentreports/reporter/configuration/ThemeCustomizer> (0x00000007473a65d0) 
thrown [s\open\src\hotspot\share\classfile\systemDictionary.cpp, line 312]
Event: 15.803 Thread 0x00000299fa3e6c20 Exception <a 'java/lang/ClassNotFoundException'{0x00000007473b5e70}: com/aventstack/extentreports/model/ReportBeanInfo> (0x00000007473b5e70) 
thrown [s\open\src\hotspot\share\classfile\systemDictionary.cpp, line 312]
Event: 15.803 Thread 0x00000299fa3e6c20 Exception <a 'java/lang/ClassNotFoundException'{0x00000007473b9cf0}: com/aventstack/extentreports/model/ReportCustomizer> (0x00000007473b9cf0) 
thrown [s\open\src\hotspot\share\classfile\systemDictionary.cpp, line 312]
Event: 15.809 Thread 0x00000299fa3e6c20 Exception <a 'java/lang/ClassNotFoundException'{0x00000007473dc770}: com/aventstack/extentreports/model/ReportStatsBeanInfo> (0x00000007473dc770) 
thrown [s\open\src\hotspot\share\classfile\systemDictionary.cpp, line 312]
Event: 15.810 Thread 0x00000299fa3e6c20 Exception <a 'java/lang/ClassNotFoundException'{0x00000007473e0778}: com/aventstack/extentreports/model/ReportStatsCustomizer> (0x00000007473e0778) 
thrown [s\open\src\hotspot\share\classfile\systemDictionary.cpp, line 312]
Event: 15.813 Thread 0x00000299fa3e6c20 Exception <a 'java/lang/ClassNotFoundException'{0x00000007473f9f40}: com/aventstack/extentreports/AnalysisStrategyBeanInfo> (0x00000007473f9f40) 
thrown [s\open\src\hotspot\share\classfile\systemDictionary.cpp, line 312]
Event: 15.814 Thread 0x00000299fa3e6c20 Exception <a 'java/lang/ClassNotFoundException'{0x00000007473fd718}: com/aventstack/extentreports/AnalysisStrategyCustomizer> (0x00000007473fd718) 
thrown [s\open\src\hotspot\share\classfile\systemDictionary.cpp, line 312]

ZGC Phase Switch (0 events):
No events

VM Operations (20 events):
Event: 4.387 Executing VM operation: CollectForMetadataAllocation (Metadata GC Threshold)
Event: 4.401 Executing VM operation: CollectForMetadataAllocation (Metadata GC Threshold) done
Event: 4.420 Executing VM operation: G1PauseRemark
Event: 4.443 Executing VM operation: G1PauseRemark done
Event: 4.446 Executing VM operation: G1PauseCleanup
Event: 4.461 Executing VM operation: G1PauseCleanup done
Event: 7.038 Executing VM operation: HandshakeAllThreads (Deoptimize)
Event: 7.038 Executing VM operation: HandshakeAllThreads (Deoptimize) done
Event: 7.042 Executing VM operation: HandshakeAllThreads (Deoptimize)
Event: 7.042 Executing VM operation: HandshakeAllThreads (Deoptimize) done
Event: 7.042 Executing VM operation: Cleanup
Event: 7.042 Executing VM operation: Cleanup done
Event: 8.048 Executing VM operation: Cleanup
Event: 8.048 Executing VM operation: Cleanup done
Event: 9.061 Executing VM operation: Cleanup
Event: 9.061 Executing VM operation: Cleanup done
Event: 15.837 Executing VM operation: HandshakeAllThreads (Deoptimize)
Event: 15.837 Executing VM operation: HandshakeAllThreads (Deoptimize) done
Event: 15.837 Executing VM operation: Cleanup
Event: 15.838 Executing VM operation: Cleanup done

Events (20 events):
Event: 7.204 Thread 0x00000299fb5d4680 Thread added: 0x00000299fb5d4680
Event: 7.204 Thread 0x00000299fb5d1f20 Thread added: 0x00000299fb5d1f20
Event: 7.206 Thread 0x00000299f558c720 Thread added: 0x00000299f558c720
Event: 7.208 Thread 0x00000299f558e160 Thread added: 0x00000299f558e160
Event: 7.269 Thread 0x00000299f558ee80 Thread added: 0x00000299f558ee80
Event: 7.298 Thread 0x00000299f558ba00 Thread added: 0x00000299f558ba00
Event: 7.298 Thread 0x00000299f558cdb0 Thread added: 0x00000299f558cdb0
Event: 7.375 Thread 0x00000299f558c090 Thread added: 0x00000299f558c090
Event: 7.376 Thread 0x00000299f558e7f0 Thread added: 0x00000299f558e7f0
Event: 7.396 Thread 0x00000299f558f510 Thread added: 0x00000299f558f510
Event: 7.397 Thread 0x00000299f558fba0 Thread added: 0x00000299f558fba0
Event: 7.559 Thread 0x00000299f558d440 Thread added: 0x00000299f558d440
Event: 7.560 Thread 0x00000299f55908c0 Thread added: 0x00000299f55908c0
Event: 7.577 Thread 0x00000299f558dad0 Thread added: 0x00000299f558dad0
Event: 7.607 Thread 0x00000299fba69210 Thread added: 0x00000299fba69210
Event: 7.636 Thread 0x00000299f5593020 Thread added: 0x00000299f5593020
Event: 7.798 Thread 0x00000299fba69210 Thread exited: 0x00000299fba69210
Event: 14.080 Thread 0x00000299faa0abc0 Thread exited: 0x00000299faa0abc0
Event: 15.410 Thread 0x00000299fac35fc0 Thread exited: 0x00000299fac35fc0
Event: 15.808 Thread 0x00000299fba69210 Thread added: 0x00000299fba69210


Dynamic libraries:
0x00007ff6eaf20000 - 0x00007ff6eaf30000 	D:\Java SRE 21\bin\java.exe
0x00007ff94d020000 - 0x00007ff94d287000 	C:\WINDOWS\SYSTEM32\ntdll.dll
0x00007ff94c820000 - 0x00007ff94c8e9000 	C:\WINDOWS\System32\KERNEL32.DLL
0x00007ff94a840000 - 0x00007ff94ac34000 	C:\WINDOWS\System32\KERNELBASE.dll
0x00007ff949c70000 - 0x00007ff949dbb000 	C:\WINDOWS\System32\ucrtbase.dll
0x00007ff939660000 - 0x00007ff939679000 	D:\Java SRE 21\bin\jli.dll
0x00007ff92fd20000 - 0x00007ff92fd3b000 	D:\Java SRE 21\bin\VCRUNTIME140.dll
0x00007ff94cd50000 - 0x00007ff94ce06000 	C:\WINDOWS\System32\ADVAPI32.dll
0x00007ff94bd80000 - 0x00007ff94be29000 	C:\WINDOWS\System32\msvcrt.dll
0x00007ff94b970000 - 0x00007ff94ba17000 	C:\WINDOWS\System32\sechost.dll
0x00007ff94b5f0000 - 0x00007ff94b708000 	C:\WINDOWS\System32\RPCRT4.dll
0x00007ff94ce10000 - 0x00007ff94cfd5000 	C:\WINDOWS\System32\USER32.dll
0x00007ff949c40000 - 0x00007ff949c67000 	C:\WINDOWS\System32\win32u.dll
0x00007ff94c7f0000 - 0x00007ff94c81b000 	C:\WINDOWS\System32\GDI32.dll
0x00007ff92eb50000 - 0x00007ff92ede3000 	C:\WINDOWS\WinSxS\amd64_microsoft.windows.common-controls_6595b64144ccf1df_6.0.26100.8115_none_3e075c82e3354f9c\COMCTL32.dll
0x00007ff9498f0000 - 0x00007ff949a1b000 	C:\WINDOWS\System32\gdi32full.dll
0x00007ff94ad00000 - 0x00007ff94ada3000 	C:\WINDOWS\System32\msvcp_win.dll
0x00007ff937880000 - 0x00007ff93788b000 	C:\WINDOWS\SYSTEM32\VERSION.dll
0x00007ff94adc0000 - 0x00007ff94adf2000 	C:\WINDOWS\System32\IMM32.DLL
0x00007ff939890000 - 0x00007ff93989c000 	D:\Java SRE 21\bin\vcruntime140_1.dll
0x00007ff90bdc0000 - 0x00007ff90be4e000 	D:\Java SRE 21\bin\msvcp140.dll
0x00007ff8b23a0000 - 0x00007ff8b30ba000 	D:\Java SRE 21\bin\server\jvm.dll
0x00007ff94b710000 - 0x00007ff94b790000 	C:\WINDOWS\System32\WS2_32.dll
0x00007ff949750000 - 0x00007ff9497ae000 	C:\WINDOWS\SYSTEM32\POWRPROF.dll
0x00007ff941a50000 - 0x00007ff941a86000 	C:\WINDOWS\SYSTEM32\WINMM.dll
0x00007ff949730000 - 0x00007ff949744000 	C:\WINDOWS\SYSTEM32\UMPDC.dll
0x00007ff948680000 - 0x00007ff94869b000 	C:\WINDOWS\SYSTEM32\kernel.appcore.dll
0x00007ff939630000 - 0x00007ff93963a000 	D:\Java SRE 21\bin\jimage.dll
0x00007ff9474f0000 - 0x00007ff947732000 	C:\WINDOWS\SYSTEM32\DBGHELP.DLL
0x00007ff94c8f0000 - 0x00007ff94cc72000 	C:\WINDOWS\System32\combase.dll
0x00007ff94ba50000 - 0x00007ff94bb28000 	C:\WINDOWS\System32\OLEAUT32.dll
0x00007ff927c20000 - 0x00007ff927c5b000 	C:\WINDOWS\SYSTEM32\dbgcore.DLL
0x00007ff949a20000 - 0x00007ff949ac5000 	C:\WINDOWS\System32\bcryptPrimitives.dll
0x00007ff944cd0000 - 0x00007ff944cdf000 	D:\Java SRE 21\bin\instrument.dll
0x00007ff92fd00000 - 0x00007ff92fd1f000 	D:\Java SRE 21\bin\java.dll
0x00007ff94c080000 - 0x00007ff94c7e7000 	C:\WINDOWS\System32\SHELL32.dll
0x00007ff949ad0000 - 0x00007ff949c3a000 	C:\WINDOWS\System32\wintypes.dll
0x00007ff949fd0000 - 0x00007ff94a838000 	C:\WINDOWS\System32\windows.storage.dll
0x00007ff94b7b0000 - 0x00007ff94b8a8000 	C:\WINDOWS\System32\SHCORE.dll
0x00007ff94bb30000 - 0x00007ff94bb96000 	C:\WINDOWS\System32\shlwapi.dll
0x00007ff949810000 - 0x00007ff949839000 	C:\WINDOWS\SYSTEM32\profapi.dll
0x00007ff8e3d50000 - 0x00007ff8e3e27000 	D:\Java SRE 21\bin\jsvml.dll
0x00007ff922cb0000 - 0x00007ff922cc8000 	D:\Java SRE 21\bin\zip.dll
0x00007ff939600000 - 0x00007ff939610000 	D:\Java SRE 21\bin\net.dll
0x00007ff93a2b0000 - 0x00007ff93a3dd000 	C:\WINDOWS\SYSTEM32\WINHTTP.dll
0x00007ff948bf0000 - 0x00007ff948c5c000 	C:\WINDOWS\system32\mswsock.dll
0x00007ff925460000 - 0x00007ff925476000 	D:\Java SRE 21\bin\nio.dll
0x00007ff939430000 - 0x00007ff93944a000 	C:\Program Files\JetBrains\IntelliJ IDEA Community Edition 2024.1.4\bin\breakgen64.dll
0x00007ff925ba0000 - 0x00007ff925ba9000 	D:\Java SRE 21\bin\extnet.dll
0x00007ff948ed0000 - 0x00007ff948eeb000 	C:\WINDOWS\SYSTEM32\CRYPTSP.dll
0x00007ff9485e0000 - 0x00007ff948619000 	C:\WINDOWS\system32\rsaenh.dll
0x00007ff948ca0000 - 0x00007ff948cd3000 	C:\WINDOWS\SYSTEM32\USERENV.dll
0x00007ff9497e0000 - 0x00007ff94980a000 	C:\WINDOWS\SYSTEM32\bcrypt.dll
0x00007ff948ef0000 - 0x00007ff948efc000 	C:\WINDOWS\SYSTEM32\CRYPTBASE.dll
0x00007ff948040000 - 0x00007ff948072000 	C:\WINDOWS\SYSTEM32\IPHLPAPI.DLL
0x00007ff94adb0000 - 0x00007ff94adba000 	C:\WINDOWS\System32\NSI.dll
0x00007ff93ab60000 - 0x00007ff93ab6e000 	D:\Java SRE 21\bin\sunmscapi.dll
0x00007ff949dc0000 - 0x00007ff949f37000 	C:\WINDOWS\System32\CRYPT32.dll
0x00007ff9490f0000 - 0x00007ff949120000 	C:\WINDOWS\SYSTEM32\ncrypt.dll
0x00007ff9490a0000 - 0x00007ff9490df000 	C:\WINDOWS\SYSTEM32\NTASN1.dll
0x00007ff925910000 - 0x00007ff925920000 	D:\Java SRE 21\bin\verify.dll
0x00007ff9480d0000 - 0x00007ff948202000 	C:\WINDOWS\SYSTEM32\DNSAPI.dll
0x00007ff9412c0000 - 0x00007ff9412cb000 	C:\Windows\System32\rasadhlp.dll
0x00007ff93b570000 - 0x00007ff93b5f6000 	C:\WINDOWS\System32\fwpuclnt.dll
0x00007ff905d30000 - 0x00007ff905d38000 	C:\WINDOWS\system32\wshunix.dll
0x00007ff92fa30000 - 0x00007ff92fa3a000 	D:\Java SRE 21\bin\management.dll
0x00007ff926400000 - 0x00007ff92640b000 	D:\Java SRE 21\bin\management_ext.dll
0x00007ff94ba40000 - 0x00007ff94ba48000 	C:\WINDOWS\System32\PSAPI.DLL

dbghelp: loaded successfully - version: 4.0.5 - missing functions: none
symbol engine: initialized successfully - sym options: 0x614 - pdb path: .;D:\Java SRE 21\bin;C:\WINDOWS\SYSTEM32;C:\WINDOWS\WinSxS\amd64_microsoft.windows.common-controls_6595b64144ccf1df_6.0.26100.8115_none_3e075c82e3354f9c;D:\Java SRE 21\bin\server;C:\Program Files\JetBrains\IntelliJ IDEA Community Edition 2024.1.4\bin

VM Arguments:
jvm_args: -ea -Didea.test.cyclic.buffer.size=1048576 -javaagent:C:\Program Files\JetBrains\IntelliJ IDEA Community Edition 2024.1.4\lib\idea_rt.jar=53591:C:\Program Files\JetBrains\IntelliJ IDEA Community Edition 2024.1.4\bin -Dfile.encoding=UTF-8 -Dsun.stdout.encoding=UTF-8 -Dsun.stderr.encoding=UTF-8 
java_command: com.intellij.rt.testng.RemoteTestNGStarter -usedefaultlisteners false -socket53590 @w@C:\Users\raghu\AppData\Local\Temp\idea_working_dirs_testng.tmp -temp C:\Users\raghu\AppData\Local\Temp\idea_testng.tmp
java_class_path (initial): C:\Program Files\JetBrains\IntelliJ IDEA Community Edition 2024.1.4\lib\idea_rt.jar;C:\Program Files\JetBrains\IntelliJ IDEA Community Edition 2024.1.4\plugins\testng\lib\testng-rt.jar;C:\Users\raghu\Downloads\interim-project-main\sponsorship-automation\target\test-classes;C:\Users\raghu\Downloads\interim-project-main\sponsorship-automation\target\classes;C:\Users\raghu\.m2\repository\org\seleniumhq\selenium\selenium-java\4.25.0\selenium-java-4.25.0.jar;C:\Users\raghu\.m2\repository\org\seleniumhq\selenium\selenium-api\4.25.0\selenium-api-4.25.0.jar;C:\Users\raghu\.m2\repository\org\jspecify\jspecify\1.0.0\jspecify-1.0.0.jar;C:\Users\raghu\.m2\repository\org\seleniumhq\selenium\selenium-chrome-driver\4.25.0\selenium-chrome-driver-4.25.0.jar;C:\Users\raghu\.m2\repository\com\google\auto\service\auto-service-annotations\1.1.1\auto-service-annotations-1.1.1.jar;C:\Users\raghu\.m2\repository\org\seleniumhq\selenium\selenium-chromium-driver\4.25.0\selenium-chromium-driver-4.25.0.jar;C:\Users\raghu\.m2\repository\org\seleniumhq\selenium\selenium-json\4.25.0\selenium-json-4.25.0.jar;C:\Users\raghu\.m2\repository\org\seleniumhq\selenium\selenium-manager\4.25.0\selenium-manager-4.25.0.jar;C:\Users\raghu\.m2\repository\org\seleniumhq\selenium\selenium-devtools-v127\4.25.0\selenium-devtools-v127-4.25.0.jar;C:\Users\raghu\.m2\repository\org\seleniumhq\selenium\selenium-devtools-v128\4.25.0\selenium-devtools-v128-4.25.0.jar;C:\Users\raghu\.m2\repository\org\seleniumhq\selenium\selenium-devtools-v129\4.25.0\selenium-devtools-v129-4.25.0.jar;C:\Users\raghu\.m2\repository\org\seleniumhq\selenium\selenium-devtools-v85\4.25.0\selenium-devtools-v85-4.25.0.jar;C:\Users\raghu\.m2\repository\org\seleniumhq\selenium\selenium-edge-driver\4.25.0\selenium-edge-driver-4.25.0.jar;C:\Users\raghu\.m2\repository\org\seleniumhq\selenium\selenium-firefox-driver\4.25.0\selenium-firefox-driver-4.25.0.jar;C:\Users\raghu\.m2\repository\org\seleniumhq\selenium\selenium-http\4.25.0\selenium-http-4.25.0.jar;C:\Users\raghu\.m2\repository\dev\failsafe\failsafe\3.3.2\failsafe-3.3.2.jar;C:\Users\raghu\.m2\repository\org\seleniumhq\selenium\selenium-ie-driver\4.25.0\selenium-ie-driver-4.25.0.jar;C:\Users\raghu\.m2\repository\org\seleniumhq\selenium\selenium-remote-driver\4.25.0\selenium-remote-driver-4.25.0.jar;C:\Users\raghu\.m2\repository\com\google\guava\guava\33.3.0-jre\guava-33.3.0-jre.jar;C:\Users\raghu\.m2\repository\com\google\guava\failureaccess\1.0.2\failureaccess-1.0.2.jar;C:\Users\raghu\.m2\repository\com\google\guava\listenablefuture\9999.0-empty-to-avoid-conflict-with-guava\listenablefuture-9999.0-empty-to-avoid-conflict-with-guava.jar;C:\Users\raghu\.m2\repository\com\google\code\findbugs\jsr305\3.0.2\jsr305-3.0.2.jar;C:\Users\raghu\.m2\repository\org\checkerframework\checker-qual\3.43.0\checker-qual-3.43.0.jar;C:\Users\raghu\.m2\repository\com\google\j2objc\j2objc-annotations\3.0.0\j2objc-annotations-3.0.0.jar;C:\Users\raghu\.m2\repository\io\opentelemetry\semconv\opentelemetry-semconv\1.25.0-alpha\opentelemetry-semconv-1.25.0-alpha.jar;C:\Users\raghu\.m2\repository\io\opentelemetry\opentelemetry-api\1.42.1\opentelemetry-api-1.42.1.jar;C:\Users\raghu\.m2\repository\io\opentelemetry\opentelemetry-context\1.42.1\opentelemetry-context-1.42.1.jar;C:\Users\raghu\.m2\repository\io\opentelemetry\opentelemetry-exporter-logging\1.42.1\opentelemetry-exporter-logging-1.42.1.jar;C:\Users\raghu\.m2\repository\io\opentelemetry\opentelemetry-sdk-common\1.42.1\opentelemetry-sdk-common-1.42.1.jar;C:\Users\raghu\.m2\repository\io\opentelemetry\opentelemetry-sdk-extension-autoconfigure-spi\1.42.1\opentelemetry-sdk-extension-autoconfigure-spi-1.42.1.jar;C:\Users\raghu\.m2\repository\io\opentelemetry\opentelemetry-sdk-extension-autoconfigure\1.42.1\opentelemetry-sdk-extension-autoconfigure-1.42.1.jar;C:\Users\raghu\.m2\repository\io\opentelemetry\opentelemetry-api-incubator\1.42.1-alpha\opentelemetry-api-incubator-1.42.1-alpha.jar;C:\Users\raghu\.m2\repository\io\opentelemetry\opentelemetry-sdk-trace\1.42.1\opentelemetry-sdk-trace-1.42.1.jar;C:\Users\raghu\.m2\repository\io\opentelemetry\opentelemetry-sdk\1.42.1\opentelemetry-sdk-1.42.1.jar;C:\Users\raghu\.m2\repository\io\opentelemetry\opentelemetry-sdk-metrics\1.42.1\opentelemetry-sdk-metrics-1.42.1.jar;C:\Users\raghu\.m2\repository\io\opentelemetry\opentelemetry-sdk-logs\1.42.1\opentelemetry-sdk-logs-1.42.1.jar;C:\Users\raghu\.m2\repository\net\bytebuddy\byte-buddy\1.15.1\byte-buddy-1.15.1.jar;C:\Users\raghu\.m2\repository\org\seleniumhq\selenium\selenium-os\4.25.0\selenium-os-4.25.0.jar;C:\Users\raghu\.m2\repository\org\apache\commons\commons-exec\1.4.0\commons-exec-1.4.0.jar;C:\Users\raghu\.m2\repository\org\seleniumhq\selenium\selenium-safari-driver\4.25.0\selenium-safari-driver-4.25.0.jar;C:\Users\raghu\.m2\repository\org\seleniumhq\selenium\selenium-support\4.25.0\selenium-support-4.25.0.jar;C:\Users\raghu\.m2\repository\org\testng\testng\7.10.2\testng-7.10.2.jar;C:\Users\raghu\.m2\repository\com\beust\jcommander\1.82\jcommander-1.82.jar;C:\Users\raghu\.m2\repository\org\webjars\jquery\3.7.1\jquery-3.7.1.jar;C:\Users\raghu\.m2\repository\io\github\bonigarcia\webdrivermanager\5.9.2\webdrivermanager-5.9.2.jar;C:\Users\raghu\.m2\repository\com\google\code\gson\gson\2.11.0\gson-2.11.0.jar;C:\Users\raghu\.m2\repository\com\google\errorprone\error_prone_annotations\2.27.0\error_prone_annotations-2.27.0.jar;C:\Users\raghu\.m2\repository\com\github\docker-java\docker-java\3.4.0\docker-java-3.4.0.jar;C:\Users\raghu\.m2\repository\com\github\docker-java\docker-java-core\3.4.0\docker-java-core-3.4.0.jar;C:\Users\raghu\.m2\repository\com\github\docker-java\docker-java-api\3.4.0\docker-java-api-3.4.0.jar;C:\Users\raghu\.m2\repository\com\fasterxml\jackson\core\jackson-annotations\2.10.3\jackson-annotations-2.10.3.jar;C:\Users\raghu\.m2\repository\com\fasterxml\jackson\core\jackson-databind\2.10.3\jackson-databind-2.10.3.jar;C:\Users\raghu\.m2\repository\com\fasterxml\jackson\core\jackson-core\2.10.3\jackson-core-2.10.3.jar;C:\Users\raghu\.m2\repository\org\slf4j\jcl-over-slf4j\1.7.30\jcl-over-slf4j-1.7.30.jar;C:\Users\raghu\.m2\repository\com\github\docker-java\docker-java-transport-httpclient5\3.4.0\docker-java-transport-httpclient5-3.4.0.jar;C:\Users\raghu\.m2\repository\com\github\docker-java\docker-java-transport\3.4.0\docker-java-transport-3.4.0.jar;C:\Users\raghu\.m2\repository\net\java\dev\jna\jna\5.13.0\jna-5.13.0.jar;C:\Users\raghu\.m2\repository\org\brotli\dec\0.1.2\dec-0.1.2.jar;C:\Users\raghu\.m2\repository\org\apache\commons\commons-lang3\3.15.0\commons-lang3-3.15.0.jar;C:\Users\raghu\.m2\repository\org\apache\commons\commons-compress\1.26.2\commons-compress-1.26.2.jar;C:\Users\raghu\.m2\repository\org\apache\httpcomponents\client5\httpclient5\5.2.1\httpclient5-5.2.1.jar;C:\Users\raghu\.m2\repository\org\apache\httpcomponents\core5\httpcore5\5.2\httpcore5-5.2.jar;C:\Users\raghu\.m2\repository\org\apache\httpcomponents\core5\httpcore5-h2\5.2\httpcore5-h2-5.2.jar;C:\Users\raghu\.m2\repository\com\aventstack\extentreports\5.1.2\extentreports-5.1.2.jar;C:\Users\raghu\.m2\repository\io\reactivex\rxjava3\rxjava\3.1.6\rxjava-3.1.6.jar;C:\Users\raghu\.m2\repository\org\reactivestreams\reactive-streams\1.0.4\reactive-streams-1.0.4.jar;C:\Users\raghu\.m2\repository\org\freemarker\freemarker\2.3.32\freemarker-2.3.32.jar;C:\Users\raghu\.m2\repository\org\projectlombok\lombok\1.18.26\lombok-1.18.26.jar;C:\Users\raghu\.m2\repository\org\apache\poi\poi\5.3.0\poi-5.3.0.jar;C:\Users\raghu\.m2\repository\commons-codec\commons-codec\1.17.0\commons-codec-1.17.0.jar;C:\Users\raghu\.m2\repository\org\apache\commons\commons-collections4\4.4\commons-collections4-4.4.jar;C:\Users\raghu\.m2\repository\org\apache\commons\commons-math3\3.6.1\commons-math3-3.6.1.jar;C:\Users\raghu\.m2\repository\commons-io\commons-io\2.16.1\commons-io-2.16.1.jar;C:\Users\raghu\.m2\repository\com\zaxxer\SparseBitSet\1.3\SparseBitSet-1.3.jar;C:\Users\raghu\.m2\repository\org\apache\logging\log4j\log4j-api\2.23.1\log4j-api-2.23.1.jar;C:\Users\raghu\.m2\repository\org\apache\poi\poi-ooxml\5.3.0\poi-ooxml-5.3.0.jar;C:\Users\raghu\.m2\repository\org\apache\poi\poi-ooxml-lite\5.3.0\poi-ooxml-lite-5.3.0.jar;C:\Users\raghu\.m2\repository\org\apache\xmlbeans\xmlbeans\5.2.1\xmlbeans-5.2.1.jar;C:\Users\raghu\.m2\repository\com\github\virtuald\curvesapi\1.08\curvesapi-1.08.jar;C:\Users\raghu\.m2\repository\org\slf4j\slf4j-api\2.0.16\slf4j-api-2.0.16.jar;C:\Users\raghu\.m2\repository\org\slf4j\slf4j-simple\2.0.16\slf4j-simple-2.0.16.jar
Launcher Type: SUN_STANDARD

[Global flags]
     intx CICompilerCount                          = 4                                         {product} {ergonomic}
     uint ConcGCThreads                            = 2                                         {product} {ergonomic}
     uint G1ConcRefinementThreads                  = 8                                         {product} {ergonomic}
   size_t G1HeapRegionSize                         = 2097152                                   {product} {ergonomic}
    uintx GCDrainStackTargetSize                   = 64                                        {product} {ergonomic}
   size_t InitialHeapSize                          = 197132288                                 {product} {ergonomic}
   size_t MarkStackSize                            = 4194304                                   {product} {ergonomic}
   size_t MaxHeapSize                              = 3149922304                                {product} {ergonomic}
   size_t MaxNewSize                               = 1889533952                                {product} {ergonomic}
   size_t MinHeapDeltaBytes                        = 2097152                                   {product} {ergonomic}
   size_t MinHeapSize                              = 8388608                                   {product} {ergonomic}
    uintx NonNMethodCodeHeapSize                   = 5839372                                {pd product} {ergonomic}
    uintx NonProfiledCodeHeapSize                  = 122909434                              {pd product} {ergonomic}
    uintx ProfiledCodeHeapSize                     = 122909434                              {pd product} {ergonomic}
    uintx ReservedCodeCacheSize                    = 251658240                              {pd product} {ergonomic}
     bool SegmentedCodeCache                       = true                                      {product} {ergonomic}
   size_t SoftMaxHeapSize                          = 3149922304                             {manageable} {ergonomic}
     bool UseCompressedOops                        = true                           {product lp64_product} {ergonomic}
     bool UseG1GC                                  = true                                      {product} {ergonomic}
     bool UseLargePagesIndividualAllocation        = false                                  {pd product} {ergonomic}

Logging:
Log output configuration:
 #0: stdout all=warning uptime,level,tags foldmultilines=false
 #1: stderr all=off uptime,level,tags foldmultilines=false

Environment Variables:
PATH=C:\Program Files\Python313\Scripts\;C:\Program Files\Python313\;C:\Program Files\Common Files\Oracle\Java\javapath;C:\Users\raghu\Downloads\terraform_1.10.3_windows_amd64;C:\Program Files\Python38\Scripts\;C:\Program Files\Python38\;C:\Program Files\Microsoft\jdk-11.0.12.7-hotspot\bin;C:\WINDOWS\system32;C:\WINDOWS;C:\WINDOWS\System32\Wbem;C:\WINDOWS\System32\WindowsPowerShell\v1.0\;C:\WINDOWS\System32\OpenSSH\;C:\Program Files\dotnet\;C:\Program Files\Microsoft SQL Server\Client SDK\ODBC\170\Tools\Binn\;C:\Program Files (x86)\Microsoft SQL Server\160\Tools\Binn\;C:\Program Files\Microsoft SQL Server\160\Tools\Binn\;C:\Program Files\Microsoft SQL Server\160\DTS\Binn\;C:\Program Files\Amazon\AWSCLIV2\;C:\ProgramData\chocolatey\bin;C:\Program Files\Git\cmd;C:\Program Files\nodejs\;C:\ProgramData\chocolatey\lib\maven\apache-maven-3.9.11\bin;C:\Program Files\MySQL\MySQL Shell 8.0\bin\;C:\Users\raghu\AppData\Local\Microsoft\WindowsApps;C:\Users\raghu\AppData\Local\Programs\MiKTeX\miktex\bin\x64\;C:\Program Files\JetBrains\PyCharm 2023.1.3\bin;;E:\pych\PyCharm Community Edition 2023.3\bin;;C:\Users\raghu\AppData\Local\Programs\Microsoft VS Code\bin;C:\Users\raghu\.dotnet\tools;C:\Users\raghu\Desktop\cursor\resources\app\bin;C:\Users\raghu\AppData\Roaming\npm;C:\Users\raghu\AppData\Local\Programs\Antigravity\bin;C:\Users\raghu\AppData\Local\Programs\Antigravity IDE\bin
USERNAME=raghu
OS=Windows_NT
PROCESSOR_IDENTIFIER=Intel64 Family 6 Model 140 Stepping 1, GenuineIntel
TMP=C:\Users\raghu\AppData\Local\Temp
TEMP=C:\Users\raghu\AppData\Local\Temp




Periodic native trim disabled

---------------  S Y S T E M  ---------------

OS:
 Windows 11 , 64 bit Build 26100 (10.0.26100.8246)
OS uptime: 6 days 11:33 hours
Hyper-V role detected

CPU: total 8 (initial active 8) (4 cores per cpu, 2 threads per core) family 6 model 140 stepping 1 microcode 0xbc, cx8, cmov, fxsr, ht, mmx, 3dnowpref, sse, sse2, sse3, ssse3, sse4.1, sse4.2, popcnt, lzcnt, tsc, tscinvbit, avx, avx2, aes, erms, clmul, bmi1, bmi2, adx, avx512f, avx512dq, avx512cd, avx512bw, avx512vl, sha, fma, vzeroupper, avx512_vpopcntdq, avx512_vpclmulqdq, avx512_vaes, avx512_vnni, clflush, clflushopt, clwb, avx512_vbmi2, avx512_vbmi, hv, rdtscp, rdpid, fsrm, gfni, avx512_bitalg, f16c, cet_ibt, cet_ss, avx512_ifma
Processor Information for all 8 processors :
  Max Mhz: 2803, Current Mhz: 2803, Mhz Limit: 2803

Memory: 4k page, system-wide physical 12010M (614M free)
TotalPageFile size 23342M (AvailPageFile size 27M)
current process WorkingSet (physical memory assigned to process): 161M, peak: 229M
current process commit charge ("private bytes"): 236M, peak: 353M

vm_info: Java HotSpot(TM) 64-Bit Server VM (21.0.6+8-LTS-188) for windows-amd64 JRE (21.0.6+8-LTS-188), built on 2024-12-03T10:50:54Z by "mach5one" with MS VC++ 17.6 (VS2022)

END.
